INFO :[2021-01-20 22:27:42,608] Vulcano [fechasDeCalculo Linea : 229] --> Registrando fechas
INFO :[2021-01-20 22:27:49,422] createDB [conexion Linea : 27] --> Iniciando conexion
INFO :[2021-01-20 22:27:49,458] analizador [limpiador Linea : 241] --> Acomodando legajo 9, dia de analisis: 2020-10-01,Condicion CUATRO
INFO :[2021-01-20 22:27:49,461] analizador [limpiador Linea : 283] --> Acomodando legajo 9, dia de analisis: 2020-10-02,Condicion SEIS
INFO :[2021-01-20 22:27:49,464] analizador [limpiador Linea : 300] --> Acomodando legajo 9, dia de analisis: 2020-10-03,Condicion SIETE
INFO :[2021-01-20 22:27:49,468] analizador [limpiador Linea : 179] --> Acomodando legajo 9, dia de analisis: 2020-10-05,Condicion UNO
INFO :[2021-01-20 22:27:49,472] analizador [limpiador Linea : 283] --> Acomodando legajo 9, dia de analisis: 2020-10-07,Condicion SEIS
INFO :[2021-01-20 22:27:49,474] analizador [limpiador Linea : 283] --> Acomodando legajo 9, dia de analisis: 2020-10-08,Condicion SEIS
INFO :[2021-01-20 22:27:49,477] analizador [limpiador Linea : 283] --> Acomodando legajo 9, dia de analisis: 2020-10-09,Condicion SEIS
INFO :[2021-01-20 22:27:49,480] analizador [limpiador Linea : 300] --> Acomodando legajo 9, dia de analisis: 2020-10-10,Condicion SIETE
INFO :[2021-01-20 22:27:49,485] analizador [limpiador Linea : 179] --> Acomodando legajo 9, dia de analisis: 2020-10-13,Condicion UNO
INFO :[2021-01-20 22:27:49,489] analizador [limpiador Linea : 283] --> Acomodando legajo 9, dia de analisis: 2020-10-15,Condicion SEIS
INFO :[2021-01-20 22:27:49,505] Vulcano [limpiezaDeRegistros Linea : 672] --> Limpiando registros
INFO :[2021-01-20 22:27:49,505] createDB [conexion Linea : 27] --> Iniciando conexion
INFO :[2021-01-20 22:27:49,581] analizador [informeNoFichadas Linea : 1801] --> Comenzando escritura en el word
INFO :[2021-01-20 22:27:49,594] createDB [conexion Linea : 27] --> Iniciando conexion
INFO :[2021-01-20 22:27:53,595] Vulcano [fechasDeCalculo Linea : 229] --> Registrando fechas
INFO :[2021-01-20 22:28:00,582] createDB [conexion Linea : 27] --> Iniciando conexion
INFO :[2021-01-20 22:28:00,604] Vulcano [insercionBD Linea : 374] --> Insertando registros en la BD
INFO :[2021-01-20 22:28:00,605] Vulcano [insercionBD Linea : 383] --> INSERT INTO REGISTROS(legajo,nombre,dia,fecha,ingreso0,egreso0,ingreso1,egreso1,ingreso2,egreso2,ingreso3,egreso3,ingreso4,egreso4,Motivo,Observación)
VALUES ('6','TOMACELLO PABLO ','Jueves','2020-10-01','2020-10-01 06:31:00','2020-10-01 16:50:00','2020-10-01 00:00:00','2020-10-01 00:00:00','2020-10-01 00:00:00','2020-10-01 00:00:00','2020-10-01 00:00:00','2020-10-01 00:00:00','2020-10-01 00:00:00','2020-10-01 00:00:00','nan','nan');
INFO :[2021-01-20 22:28:00,605] createDB [conexion Linea : 27] --> Iniciando conexion
INFO :[2021-01-20 22:28:00,605] createDB [executeQuery Linea : 46] --> Ejecutando query
INFO :[2021-01-20 22:28:00,606] Vulcano [insercionBD Linea : 383] --> INSERT INTO REGISTROS(legajo,nombre,dia,fecha,ingreso0,egreso0,ingreso1,egreso1,ingreso2,egreso2,ingreso3,egreso3,ingreso4,egreso4,Motivo,Observación)
VALUES ('6','TOMACELLO PABLO ','Viernes','2020-10-02','2020-10-02 06:33:00','2020-10-02 16:49:00','2020-10-02 00:00:00','2020-10-02 00:00:00','2020-10-02 00:00:00','2020-10-02 00:00:00','2020-10-02 00:00:00','2020-10-02 00:00:00','2020-10-02 00:00:00','2020-10-02 00:00:00','nan','nan');
INFO :[2021-01-20 22:28:00,606] createDB [conexion Linea : 27] --> Iniciando conexion
INFO :[2021-01-20 22:28:00,606] createDB [executeQuery Linea : 46] --> Ejecutando query
INFO :[2021-01-20 22:28:00,606] Vulcano [insercionBD Linea : 383] --> INSERT INTO REGISTROS(legajo,nombre,dia,fecha,ingreso0,egreso0,ingreso1,egreso1,ingreso2,egreso2,ingreso3,egreso3,ingreso4,egreso4,Motivo,Observación)
VALUES ('6','TOMACELLO PABLO ','Domingo','2020-10-04','2020-10-04 06:33:00','2020-10-04 16:49:00','2020-10-04 00:00:00','2020-10-04 00:00:00','2020-10-04 00:00:00','2020-10-04 00:00:00','2020-10-04 00:00:00','2020-10-04 00:00:00','2020-10-04 00:00:00','2020-10-04 00:00:00','nan','nan');
INFO :[2021-01-20 22:28:00,607] createDB [conexion Linea : 27] --> Iniciando conexion
INFO :[2021-01-20 22:28:00,607] createDB [executeQuery Linea : 46] --> Ejecutando query
INFO :[2021-01-20 22:28:00,607] Vulcano [insercionBD Linea : 383] --> INSERT INTO REGISTROS(legajo,nombre,dia,fecha,ingreso0,egreso0,ingreso1,egreso1,ingreso2,egreso2,ingreso3,egreso3,ingreso4,egreso4,Motivo,Observación)
VALUES ('6','TOMACELLO PABLO ','Lunes','2020-10-05','2020-10-05 06:30:00','2020-10-05 16:54:00','2020-10-05 00:00:00','2020-10-05 00:00:00','2020-10-05 00:00:00','2020-10-05 00:00:00','2020-10-05 00:00:00','2020-10-05 00:00:00','2020-10-05 00:00:00','2020-10-05 00:00:00','nan','nan');
INFO :[2021-01-20 22:28:00,607] createDB [conexion Linea : 27] --> Iniciando conexion
INFO :[2021-01-20 22:28:00,607] createDB [executeQuery Linea : 46] --> Ejecutando query
INFO :[2021-01-20 22:28:00,608] Vulcano [insercionBD Linea : 383] --> INSERT INTO REGISTROS(legajo,nombre,dia,fecha,ingreso0,egreso0,ingreso1,egreso1,ingreso2,egreso2,ingreso3,egreso3,ingreso4,egreso4,Motivo,Observación)
VALUES ('6','TOMACELLO PABLO ','Martes','2020-10-06','2020-10-06 06:34:00','2020-10-06 16:49:00','2020-10-06 00:00:00','2020-10-06 00:00:00','2020-10-06 00:00:00','2020-10-06 00:00:00','2020-10-06 00:00:00','2020-10-06 00:00:00','2020-10-06 00:00:00','2020-10-06 00:00:00','nan','nan');
INFO :[2021-01-20 22:28:00,608] createDB [conexion Linea : 27] --> Iniciando conexion
INFO :[2021-01-20 22:28:00,608] createDB [executeQuery Linea : 46] --> Ejecutando query
INFO :[2021-01-20 22:28:00,608] Vulcano [insercionBD Linea : 383] --> INSERT INTO REGISTROS(legajo,nombre,dia,fecha,ingreso0,egreso0,ingreso1,egreso1,ingreso2,egreso2,ingreso3,egreso3,ingreso4,egreso4,Motivo,Observación)
VALUES ('6','TOMACELLO PABLO ','Miércoles','2020-10-07','2020-10-07 06:32:00','2020-10-07 16:54:00','2020-10-07 00:00:00','2020-10-07 00:00:00','2020-10-07 00:00:00','2020-10-07 00:00:00','2020-10-07 00:00:00','2020-10-07 00:00:00','2020-10-07 00:00:00','2020-10-07 00:00:00','nan','nan');
INFO :[2021-01-20 22:28:00,608] createDB [conexion Linea : 27] --> Iniciando conexion
INFO :[2021-01-20 22:28:00,609] createDB [executeQuery Linea : 46] --> Ejecutando query
INFO :[2021-01-20 22:28:00,609] Vulcano [insercionBD Linea : 383] --> INSERT INTO REGISTROS(legajo,nombre,dia,fecha,ingreso0,egreso0,ingreso1,egreso1,ingreso2,egreso2,ingreso3,egreso3,ingreso4,egreso4,Motivo,Observación)
VALUES ('6','TOMACELLO PABLO ','Jueves','2020-10-08','2020-10-08 06:27:00','2020-10-08 16:57:00','2020-10-08 00:00:00','2020-10-08 00:00:00','2020-10-08 00:00:00','2020-10-08 00:00:00','2020-10-08 00:00:00','2020-10-08 00:00:00','2020-10-08 00:00:00','2020-10-08 00:00:00','nan','nan');
INFO :[2021-01-20 22:28:00,609] createDB [conexion Linea : 27] --> Iniciando conexion
INFO :[2021-01-20 22:28:00,609] createDB [executeQuery Linea : 46] --> Ejecutando query
INFO :[2021-01-20 22:28:00,610] Vulcano [insercionBD Linea : 383] --> INSERT INTO REGISTROS(legajo,nombre,dia,fecha,ingreso0,egreso0,ingreso1,egreso1,ingreso2,egreso2,ingreso3,egreso3,ingreso4,egreso4,Motivo,Observación)
VALUES ('6','TOMACELLO PABLO ','Viernes','2020-10-09','2020-10-09 06:35:00','2020-10-09 16:48:00','2020-10-09 00:00:00','2020-10-09 00:00:00','2020-10-09 00:00:00','2020-10-09 00:00:00','2020-10-09 00:00:00','2020-10-09 00:00:00','2020-10-09 00:00:00','2020-10-09 00:00:00','nan','nan');
INFO :[2021-01-20 22:28:00,610] createDB [conexion Linea : 27] --> Iniciando conexion
INFO :[2021-01-20 22:28:00,610] createDB [executeQuery Linea : 46] --> Ejecutando query
INFO :[2021-01-20 22:28:00,610] Vulcano [insercionBD Linea : 383] --> INSERT INTO REGISTROS(legajo,nombre,dia,fecha,ingreso0,egreso0,ingreso1,egreso1,ingreso2,egreso2,ingreso3,egreso3,ingreso4,egreso4,Motivo,Observación)
VALUES ('6','TOMACELLO PABLO ','Lunes','2020-10-12','2020-10-12 00:00:00','2020-10-12 00:00:00','2020-10-12 00:00:00','2020-10-12 00:00:00','2020-10-12 00:00:00','2020-10-12 00:00:00','2020-10-12 00:00:00','2020-10-12 00:00:00','2020-10-12 00:00:00','2020-10-12 00:00:00','nan','nan');
INFO :[2021-01-20 22:28:00,610] createDB [conexion Linea : 27] --> Iniciando conexion
INFO :[2021-01-20 22:28:00,610] createDB [executeQuery Linea : 46] --> Ejecutando query
INFO :[2021-01-20 22:28:00,611] Vulcano [insercionBD Linea : 383] --> INSERT INTO REGISTROS(legajo,nombre,dia,fecha,ingreso0,egreso0,ingreso1,egreso1,ingreso2,egreso2,ingreso3,egreso3,ingreso4,egreso4,Motivo,Observación)
VALUES ('6','TOMACELLO PABLO ','Martes','2020-10-13','2020-10-13 06:27:00','2020-10-13 16:50:00','2020-10-13 00:00:00','2020-10-13 00:00:00','2020-10-13 00:00:00','2020-10-13 00:00:00','2020-10-13 00:00:00','2020-10-13 00:00:00','2020-10-13 00:00:00','2020-10-13 00:00:00','nan','nan');
INFO :[2021-01-20 22:28:00,611] createDB [conexion Linea : 27] --> Iniciando conexion
INFO :[2021-01-20 22:28:00,611] createDB [executeQuery Linea : 46] --> Ejecutando query
INFO :[2021-01-20 22:28:00,611] Vulcano [insercionBD Linea : 383] --> INSERT INTO REGISTROS(legajo,nombre,dia,fecha,ingreso0,egreso0,ingreso1,egreso1,ingreso2,egreso2,ingreso3,egreso3,ingreso4,egreso4,Motivo,Observación)
VALUES ('6','TOMACELLO PABLO ','Miércoles','2020-10-14','2020-10-14 06:31:00','2020-10-14 16:51:00','2020-10-14 00:00:00','2020-10-14 00:00:00','2020-10-14 00:00:00','2020-10-14 00:00:00','2020-10-14 00:00:00','2020-10-14 00:00:00','2020-10-14 00:00:00','2020-10-14 00:00:00','nan','nan');
INFO :[2021-01-20 22:28:00,612] createDB [conexion Linea : 27] --> Iniciando conexion
INFO :[2021-01-20 22:28:00,612] createDB [executeQuery Linea : 46] --> Ejecutando query
INFO :[2021-01-20 22:28:00,612] Vulcano [insercionBD Linea : 383] --> INSERT INTO REGISTROS(legajo,nombre,dia,fecha,ingreso0,egreso0,ingreso1,egreso1,ingreso2,egreso2,ingreso3,egreso3,ingreso4,egreso4,Motivo,Observación)
VALUES ('6','TOMACELLO PABLO ','Jueves','2020-10-15','2020-10-15 06:33:00','2020-10-15 16:49:00','2020-10-15 00:00:00','2020-10-15 00:00:00','2020-10-15 00:00:00','2020-10-15 00:00:00','2020-10-15 00:00:00','2020-10-15 00:00:00','2020-10-15 00:00:00','2020-10-15 00:00:00','nan','nan');
INFO :[2021-01-20 22:28:00,612] createDB [conexion Linea : 27] --> Iniciando conexion
INFO :[2021-01-20 22:28:00,612] createDB [executeQuery Linea : 46] --> Ejecutando query
INFO :[2021-01-20 22:28:00,638] Vulcano [insercionBD Linea : 374] --> Insertando registros en la BD
INFO :[2021-01-20 22:28:00,639] Vulcano [insercionBD Linea : 383] --> INSERT INTO REGISTROS(legajo,nombre,dia,fecha,ingreso0,egreso0,ingreso1,egreso1,ingreso2,egreso2,ingreso3,egreso3,ingreso4,egreso4,Motivo,Observación)
VALUES ('8','REYNA ALFREDO ALBERTO ','Jueves','2020-10-01','2020-10-01 08:05:00','2020-10-01 12:31:00','2020-10-01 13:05:00','2020-10-01 16:51:00','2020-10-01 00:00:00','2020-10-01 00:00:00','2020-10-01 00:00:00','2020-10-01 00:00:00','2020-10-01 00:00:00','2020-10-01 00:00:00','nan','nan');
INFO :[2021-01-20 22:28:00,639] createDB [conexion Linea : 27] --> Iniciando conexion
INFO :[2021-01-20 22:28:00,639] createDB [executeQuery Linea : 46] --> Ejecutando query
INFO :[2021-01-20 22:28:00,639] Vulcano [insercionBD Linea : 383] --> INSERT INTO REGISTROS(legajo,nombre,dia,fecha,ingreso0,egreso0,ingreso1,egreso1,ingreso2,egreso2,ingreso3,egreso3,ingreso4,egreso4,Motivo,Observación)
VALUES ('8','REYNA ALFREDO ALBERTO ','Viernes','2020-10-02','2020-10-02 07:54:00','2020-10-02 12:34:00','2020-10-02 13:03:00','2020-10-02 16:54:00','2020-10-02 00:00:00','2020-10-02 00:00:00','2020-10-02 00:00:00','2020-10-02 00:00:00','2020-10-02 00:00:00','2020-10-02 00:00:00','nan','nan');
INFO :[2021-01-20 22:28:00,639] createDB [conexion Linea : 27] --> Iniciando conexion
INFO :[2021-01-20 22:28:00,640] createDB [executeQuery Linea : 46] --> Ejecutando query
INFO :[2021-01-20 22:28:00,640] Vulcano [insercionBD Linea : 383] --> INSERT INTO REGISTROS(legajo,nombre,dia,fecha,ingreso0,egreso0,ingreso1,egreso1,ingreso2,egreso2,ingreso3,egreso3,ingreso4,egreso4,Motivo,Observación)
VALUES ('8','REYNA ALFREDO ALBERTO ','Sábado','2020-10-03','2020-10-03 08:07:00','2020-10-03 13:03:00','2020-10-03 00:00:00','2020-10-03 00:00:00','2020-10-03 00:00:00','2020-10-03 00:00:00','2020-10-03 00:00:00','2020-10-03 00:00:00','2020-10-03 00:00:00','2020-10-03 00:00:00','nan','nan');
INFO :[2021-01-20 22:28:00,640] createDB [conexion Linea : 27] --> Iniciando conexion
INFO :[2021-01-20 22:28:00,640] createDB [executeQuery Linea : 46] --> Ejecutando query
INFO :[2021-01-20 22:28:00,641] Vulcano [insercionBD Linea : 383] --> INSERT INTO REGISTROS(legajo,nombre,dia,fecha,ingreso0,egreso0,ingreso1,egreso1,ingreso2,egreso2,ingreso3,egreso3,ingreso4,egreso4,Motivo,Observación)
VALUES ('8','REYNA ALFREDO ALBERTO ','Lunes','2020-10-05','2020-10-05 07:59:00','2020-10-05 12:33:00','2020-10-05 13:05:00','2020-10-05 17:32:00','2020-10-05 00:00:00','2020-10-05 00:00:00','2020-10-05 00:00:00','2020-10-05 00:00:00','2020-10-05 00:00:00','2020-10-05 00:00:00','nan','nan');
INFO :[2021-01-20 22:28:00,641] createDB [conexion Linea : 27] --> Iniciando conexion
INFO :[2021-01-20 22:28:00,641] createDB [executeQuery Linea : 46] --> Ejecutando query
INFO :[2021-01-20 22:28:00,641] Vulcano [insercionBD Linea : 383] --> INSERT INTO REGISTROS(legajo,nombre,dia,fecha,ingreso0,egreso0,ingreso1,egreso1,ingreso2,egreso2,ingreso3,egreso3,ingreso4,egreso4,Motivo,Observación)
VALUES ('8','REYNA ALFREDO ALBERTO ','Martes','2020-10-06','2020-10-06 07:49:00','2020-10-06 12:34:00','2020-10-06 13:03:00','2020-10-06 16:52:00','2020-10-06 00:00:00','2020-10-06 00:00:00','2020-10-06 00:00:00','2020-10-06 00:00:00','2020-10-06 00:00:00','2020-10-06 00:00:00','nan','nan');
INFO :[2021-01-20 22:28:00,641] createDB [conexion Linea : 27] --> Iniciando conexion
INFO :[2021-01-20 22:28:00,641] createDB [executeQuery Linea : 46] --> Ejecutando query
INFO :[2021-01-20 22:28:00,642] Vulcano [insercionBD Linea : 383] --> INSERT INTO REGISTROS(legajo,nombre,dia,fecha,ingreso0,egreso0,ingreso1,egreso1,ingreso2,egreso2,ingreso3,egreso3,ingreso4,egreso4,Motivo,Observación)
VALUES ('8','REYNA ALFREDO ALBERTO ','Miércoles','2020-10-07','2020-10-07 07:52:00','2020-10-07 12:34:00','2020-10-07 13:04:00','2020-10-07 16:50:00','2020-10-07 00:00:00','2020-10-07 00:00:00','2020-10-07 00:00:00','2020-10-07 00:00:00','2020-10-07 00:00:00','2020-10-07 00:00:00','nan','nan');
INFO :[2021-01-20 22:28:00,642] createDB [conexion Linea : 27] --> Iniciando conexion
INFO :[2021-01-20 22:28:00,642] createDB [executeQuery Linea : 46] --> Ejecutando query
INFO :[2021-01-20 22:28:00,642] Vulcano [insercionBD Linea : 383] --> INSERT INTO REGISTROS(legajo,nombre,dia,fecha,ingreso0,egreso0,ingreso1,egreso1,ingreso2,egreso2,ingreso3,egreso3,ingreso4,egreso4,Motivo,Observación)
VALUES ('8','REYNA ALFREDO ALBERTO ','Jueves','2020-10-08','2020-10-08 07:54:00','2020-10-08 12:31:00','2020-10-08 13:04:00','2020-10-08 16:52:00','2020-10-08 00:00:00','2020-10-08 00:00:00','2020-10-08 00:00:00','2020-10-08 00:00:00','2020-10-08 00:00:00','2020-10-08 00:00:00','nan','nan');
INFO :[2021-01-20 22:28:00,643] createDB [conexion Linea : 27] --> Iniciando conexion
INFO :[2021-01-20 22:28:00,643] createDB [executeQuery Linea : 46] --> Ejecutando query
INFO :[2021-01-20 22:28:00,643] Vulcano [insercionBD Linea : 383] --> INSERT INTO REGISTROS(legajo,nombre,dia,fecha,ingreso0,egreso0,ingreso1,egreso1,ingreso2,egreso2,ingreso3,egreso3,ingreso4,egreso4,Motivo,Observación)
VALUES ('8','REYNA ALFREDO ALBERTO ','Viernes','2020-10-09','2020-10-09 07:58:00','2020-10-09 12:36:00','2020-10-09 13:01:00','2020-10-09 16:50:00','2020-10-09 00:00:00','2020-10-09 00:00:00','2020-10-09 00:00:00','2020-10-09 00:00:00','2020-10-09 00:00:00','2020-10-09 00:00:00','nan','nan');
INFO :[2021-01-20 22:28:00,643] createDB [conexion Linea : 27] --> Iniciando conexion
INFO :[2021-01-20 22:28:00,643] createDB [executeQuery Linea : 46] --> Ejecutando query
INFO :[2021-01-20 22:28:00,644] Vulcano [insercionBD Linea : 383] --> INSERT INTO REGISTROS(legajo,nombre,dia,fecha,ingreso0,egreso0,ingreso1,egreso1,ingreso2,egreso2,ingreso3,egreso3,ingreso4,egreso4,Motivo,Observación)
VALUES ('8','REYNA ALFREDO ALBERTO ','Sábado','2020-10-10','2020-10-10 08:13:00','2020-10-10 13:04:00','2020-10-10 00:00:00','2020-10-10 00:00:00','2020-10-10 00:00:00','2020-10-10 00:00:00','2020-10-10 00:00:00','2020-10-10 00:00:00','2020-10-10 00:00:00','2020-10-10 00:00:00','nan','nan');
INFO :[2021-01-20 22:28:00,644] createDB [conexion Linea : 27] --> Iniciando conexion
INFO :[2021-01-20 22:28:00,644] createDB [executeQuery Linea : 46] --> Ejecutando query
INFO :[2021-01-20 22:28:00,644] Vulcano [insercionBD Linea : 383] --> INSERT INTO REGISTROS(legajo,nombre,dia,fecha,ingreso0,egreso0,ingreso1,egreso1,ingreso2,egreso2,ingreso3,egreso3,ingreso4,egreso4,Motivo,Observación)
VALUES ('8','REYNA ALFREDO ALBERTO ','Lunes','2020-10-12','2020-10-12 08:15:00','2020-10-12 13:00:00','2020-10-12 00:00:00','2020-10-12 00:00:00','2020-10-12 00:00:00','2020-10-12 00:00:00','2020-10-12 00:00:00','2020-10-12 00:00:00','2020-10-12 00:00:00','2020-10-12 00:00:00','nan','nan');
INFO :[2021-01-20 22:28:00,644] createDB [conexion Linea : 27] --> Iniciando conexion
INFO :[2021-01-20 22:28:00,645] createDB [executeQuery Linea : 46] --> Ejecutando query
INFO :[2021-01-20 22:28:00,645] Vulcano [insercionBD Linea : 383] --> INSERT INTO REGISTROS(legajo,nombre,dia,fecha,ingreso0,egreso0,ingreso1,egreso1,ingreso2,egreso2,ingreso3,egreso3,ingreso4,egreso4,Motivo,Observación)
VALUES ('8','REYNA ALFREDO ALBERTO ','Martes','2020-10-13','2020-10-13 07:58:00','2020-10-13 12:31:00','2020-10-13 13:03:00','2020-10-13 16:52:00','2020-10-13 00:00:00','2020-10-13 00:00:00','2020-10-13 00:00:00','2020-10-13 00:00:00','2020-10-13 00:00:00','2020-10-13 00:00:00','nan','nan');
INFO :[2021-01-20 22:28:00,645] createDB [conexion Linea : 27] --> Iniciando conexion
INFO :[2021-01-20 22:28:00,645] createDB [executeQuery Linea : 46] --> Ejecutando query
INFO :[2021-01-20 22:28:00,646] Vulcano [insercionBD Linea : 383] --> INSERT INTO REGISTROS(legajo,nombre,dia,fecha,ingreso0,egreso0,ingreso1,egreso1,ingreso2,egreso2,ingreso3,egreso3,ingreso4,egreso4,Motivo,Observación)
VALUES ('8','REYNA ALFREDO ALBERTO ','Miércoles','2020-10-14','2020-10-14 07:58:00','2020-10-14 12:30:00','2020-10-14 13:00:00','2020-10-14 16:48:00','2020-10-14 00:00:00','2020-10-14 00:00:00','2020-10-14 00:00:00','2020-10-14 00:00:00','2020-10-14 00:00:00','2020-10-14 00:00:00','nan','nan');
INFO :[2021-01-20 22:28:00,646] createDB [conexion Linea : 27] --> Iniciando conexion
INFO :[2021-01-20 22:28:00,646] createDB [executeQuery Linea : 46] --> Ejecutando query
INFO :[2021-01-20 22:28:00,646] Vulcano [insercionBD Linea : 383] --> INSERT INTO REGISTROS(legajo,nombre,dia,fecha,ingreso0,egreso0,ingreso1,egreso1,ingreso2,egreso2,ingreso3,egreso3,ingreso4,egreso4,Motivo,Observación)
VALUES ('8','REYNA ALFREDO ALBERTO ','Jueves','2020-10-15','2020-10-15 07:54:00','2020-10-15 12:30:00','2020-10-15 12:59:00','2020-10-15 16:48:00','2020-10-15 00:00:00','2020-10-15 00:00:00','2020-10-15 00:00:00','2020-10-15 00:00:00','2020-10-15 00:00:00','2020-10-15 00:00:00','nan','nan');
INFO :[2021-01-20 22:28:00,646] createDB [conexion Linea : 27] --> Iniciando conexion
INFO :[2021-01-20 22:28:00,646] createDB [executeQuery Linea : 46] --> Ejecutando query
INFO :[2021-01-20 22:28:00,675] Vulcano [insercionBD Linea : 374] --> Insertando registros en la BD
INFO :[2021-01-20 22:28:00,676] Vulcano [insercionBD Linea : 383] --> INSERT INTO REGISTROS(legajo,nombre,dia,fecha,ingreso0,egreso0,ingreso1,egreso1,ingreso2,egreso2,ingreso3,egreso3,ingreso4,egreso4,Motivo,Observación)
VALUES ('9','MENDOZA JOSE IGNACIO ','Jueves','2020-10-01','2020-09-30 23:03:00','2020-10-01 08:13:00','2020-10-01 00:00:00','2020-10-01 00:00:00','2020-10-01 00:00:00','2020-10-01 00:00:00','2020-10-01 00:00:00','2020-10-01 00:00:00','2020-10-01 00:00:00','2020-10-01 00:00:00','nan','nan');
INFO :[2021-01-20 22:28:00,676] createDB [conexion Linea : 27] --> Iniciando conexion
INFO :[2021-01-20 22:28:00,676] createDB [executeQuery Linea : 46] --> Ejecutando query
INFO :[2021-01-20 22:28:00,676] Vulcano [insercionBD Linea : 383] --> INSERT INTO REGISTROS(legajo,nombre,dia,fecha,ingreso0,egreso0,ingreso1,egreso1,ingreso2,egreso2,ingreso3,egreso3,ingreso4,egreso4,Motivo,Observación)
VALUES ('9','MENDOZA JOSE IGNACIO ','Viernes','2020-10-02','2020-10-01 22:44:00','2020-10-02 08:07:00','2020-10-02 00:00:00','2020-10-02 00:00:00','2020-10-02 00:00:00','2020-10-02 00:00:00','2020-10-02 00:00:00','2020-10-02 00:00:00','2020-10-02 00:00:00','2020-10-02 00:00:00','nan','nan');
INFO :[2021-01-20 22:28:00,677] createDB [conexion Linea : 27] --> Iniciando conexion
INFO :[2021-01-20 22:28:00,677] createDB [executeQuery Linea : 46] --> Ejecutando query
INFO :[2021-01-20 22:28:00,677] Vulcano [insercionBD Linea : 383] --> INSERT INTO REGISTROS(legajo,nombre,dia,fecha,ingreso0,egreso0,ingreso1,egreso1,ingreso2,egreso2,ingreso3,egreso3,ingreso4,egreso4,Motivo,Observación)
VALUES ('9','MENDOZA JOSE IGNACIO ','Sábado','2020-10-03','2020-10-02 22:44:00','2020-10-03 08:02:00','2020-10-03 00:00:00','2020-10-03 00:00:00','2020-10-03 00:00:00','2020-10-03 00:00:00','2020-10-03 00:00:00','2020-10-03 00:00:00','2020-10-03 00:00:00','2020-10-03 00:00:00','nan','nan');
INFO :[2021-01-20 22:28:00,677] createDB [conexion Linea : 27] --> Iniciando conexion
INFO :[2021-01-20 22:28:00,677] createDB [executeQuery Linea : 46] --> Ejecutando query
INFO :[2021-01-20 22:28:00,678] Vulcano [insercionBD Linea : 383] --> INSERT INTO REGISTROS(legajo,nombre,dia,fecha,ingreso0,egreso0,ingreso1,egreso1,ingreso2,egreso2,ingreso3,egreso3,ingreso4,egreso4,Motivo,Observación)
VALUES ('9','MENDOZA JOSE IGNACIO ','Domingo','2020-10-04','2020-10-04 08:06:00','2020-10-04 16:44:00','2020-10-04 00:00:00','2020-10-04 00:00:00','2020-10-04 00:00:00','2020-10-04 00:00:00','2020-10-04 00:00:00','2020-10-04 00:00:00','2020-10-04 00:00:00','2020-10-04 00:00:00','nan','nan');
INFO :[2021-01-20 22:28:00,678] createDB [conexion Linea : 27] --> Iniciando conexion
INFO :[2021-01-20 22:28:00,678] createDB [executeQuery Linea : 46] --> Ejecutando query
INFO :[2021-01-20 22:28:00,678] Vulcano [insercionBD Linea : 383] --> INSERT INTO REGISTROS(legajo,nombre,dia,fecha,ingreso0,egreso0,ingreso1,egreso1,ingreso2,egreso2,ingreso3,egreso3,ingreso4,egreso4,Motivo,Observación)
VALUES ('9','MENDOZA JOSE IGNACIO ','Martes','2020-10-06','2020-10-05 22:43:00','2020-10-06 08:06:00','2020-10-06 00:00:00','2020-10-06 00:00:00','2020-10-06 00:00:00','2020-10-06 00:00:00','2020-10-06 00:00:00','2020-10-06 00:00:00','2020-10-06 00:00:00','2020-10-06 00:00:00','nan','nan');
INFO :[2021-01-20 22:28:00,678] createDB [conexion Linea : 27] --> Iniciando conexion
INFO :[2021-01-20 22:28:00,679] createDB [executeQuery Linea : 46] --> Ejecutando query
INFO :[2021-01-20 22:28:00,679] Vulcano [insercionBD Linea : 383] --> INSERT INTO REGISTROS(legajo,nombre,dia,fecha,ingreso0,egreso0,ingreso1,egreso1,ingreso2,egreso2,ingreso3,egreso3,ingreso4,egreso4,Motivo,Observación)
VALUES ('9','MENDOZA JOSE IGNACIO ','Miércoles','2020-10-07','2020-10-06 22:44:00','2020-10-07 08:06:00','2020-10-07 00:00:00','2020-10-07 00:00:00','2020-10-07 00:00:00','2020-10-07 00:00:00','2020-10-07 00:00:00','2020-10-07 00:00:00','2020-10-07 00:00:00','2020-10-07 00:00:00','nan','nan');
INFO :[2021-01-20 22:28:00,679] createDB [conexion Linea : 27] --> Iniciando conexion
INFO :[2021-01-20 22:28:00,679] createDB [executeQuery Linea : 46] --> Ejecutando query
INFO :[2021-01-20 22:28:00,680] Vulcano [insercionBD Linea : 383] --> INSERT INTO REGISTROS(legajo,nombre,dia,fecha,ingreso0,egreso0,ingreso1,egreso1,ingreso2,egreso2,ingreso3,egreso3,ingreso4,egreso4,Motivo,Observación)
VALUES ('9','MENDOZA JOSE IGNACIO ','Jueves','2020-10-08','2020-10-07 23:06:00','2020-10-08 08:08:00','2020-10-08 00:00:00','2020-10-08 00:00:00','2020-10-08 00:00:00','2020-10-08 00:00:00','2020-10-08 00:00:00','2020-10-08 00:00:00','2020-10-08 00:00:00','2020-10-08 00:00:00','nan','nan');
INFO :[2021-01-20 22:28:00,680] createDB [conexion Linea : 27] --> Iniciando conexion
INFO :[2021-01-20 22:28:00,680] createDB [executeQuery Linea : 46] --> Ejecutando query
INFO :[2021-01-20 22:28:00,680] Vulcano [insercionBD Linea : 383] --> INSERT INTO REGISTROS(legajo,nombre,dia,fecha,ingreso0,egreso0,ingreso1,egreso1,ingreso2,egreso2,ingreso3,egreso3,ingreso4,egreso4,Motivo,Observación)
VALUES ('9','MENDOZA JOSE IGNACIO ','Viernes','2020-10-09','2020-10-08 22:58:00','2020-10-09 08:06:00','2020-10-09 00:00:00','2020-10-09 00:00:00','2020-10-09 00:00:00','2020-10-09 00:00:00','2020-10-09 00:00:00','2020-10-09 00:00:00','2020-10-09 00:00:00','2020-10-09 00:00:00','nan','nan');
INFO :[2021-01-20 22:28:00,680] createDB [conexion Linea : 27] --> Iniciando conexion
INFO :[2021-01-20 22:28:00,680] createDB [executeQuery Linea : 46] --> Ejecutando query
INFO :[2021-01-20 22:28:00,681] Vulcano [insercionBD Linea : 383] --> INSERT INTO REGISTROS(legajo,nombre,dia,fecha,ingreso0,egreso0,ingreso1,egreso1,ingreso2,egreso2,ingreso3,egreso3,ingreso4,egreso4,Motivo,Observación)
VALUES ('9','MENDOZA JOSE IGNACIO ','Sábado','2020-10-10','2020-10-09 22:39:00','2020-10-10 08:04:00','2020-10-10 00:00:00','2020-10-10 00:00:00','2020-10-10 00:00:00','2020-10-10 00:00:00','2020-10-10 00:00:00','2020-10-10 00:00:00','2020-10-10 00:00:00','2020-10-10 00:00:00','nan','nan');
INFO :[2021-01-20 22:28:00,681] createDB [conexion Linea : 27] --> Iniciando conexion
INFO :[2021-01-20 22:28:00,681] createDB [executeQuery Linea : 46] --> Ejecutando query
INFO :[2021-01-20 22:28:00,682] Vulcano [insercionBD Linea : 383] --> INSERT INTO REGISTROS(legajo,nombre,dia,fecha,ingreso0,egreso0,ingreso1,egreso1,ingreso2,egreso2,ingreso3,egreso3,ingreso4,egreso4,Motivo,Observación)
VALUES ('9','MENDOZA JOSE IGNACIO ','Domingo','2020-10-11','2020-10-11 00:00:00','2020-10-11 00:00:00','2020-10-11 00:00:00','2020-10-11 00:00:00','2020-10-11 00:00:00','2020-10-11 00:00:00','2020-10-11 00:00:00','2020-10-11 00:00:00','2020-10-11 00:00:00','2020-10-11 00:00:00','nan','nan');
INFO :[2021-01-20 22:28:00,682] createDB [conexion Linea : 27] --> Iniciando conexion
INFO :[2021-01-20 22:28:00,682] createDB [executeQuery Linea : 46] --> Ejecutando query
INFO :[2021-01-20 22:28:00,682] Vulcano [insercionBD Linea : 383] --> INSERT INTO REGISTROS(legajo,nombre,dia,fecha,ingreso0,egreso0,ingreso1,egreso1,ingreso2,egreso2,ingreso3,egreso3,ingreso4,egreso4,Motivo,Observación)
VALUES ('9','MENDOZA JOSE IGNACIO ','Lunes','2020-10-12','2020-10-12 00:00:00','2020-10-12 00:00:00','2020-10-12 00:00:00','2020-10-12 00:00:00','2020-10-12 00:00:00','2020-10-12 00:00:00','2020-10-12 00:00:00','2020-10-12 00:00:00','2020-10-12 00:00:00','2020-10-12 00:00:00','nan','nan');
INFO :[2021-01-20 22:28:00,682] createDB [conexion Linea : 27] --> Iniciando conexion
INFO :[2021-01-20 22:28:00,682] createDB [executeQuery Linea : 46] --> Ejecutando query
INFO :[2021-01-20 22:28:00,683] Vulcano [insercionBD Linea : 383] --> INSERT INTO REGISTROS(legajo,nombre,dia,fecha,ingreso0,egreso0,ingreso1,egreso1,ingreso2,egreso2,ingreso3,egreso3,ingreso4,egreso4,Motivo,Observación)
VALUES ('9','MENDOZA JOSE IGNACIO ','Miércoles','2020-10-14','2020-10-13 23:15:00','2020-10-14 08:02:00','2020-10-14 00:00:00','2020-10-14 00:00:00','2020-10-14 00:00:00','2020-10-14 00:00:00','2020-10-14 00:00:00','2020-10-14 00:00:00','2020-10-14 00:00:00','2020-10-14 00:00:00','nan','nan');
INFO :[2021-01-20 22:28:00,683] createDB [conexion Linea : 27] --> Iniciando conexion
INFO :[2021-01-20 22:28:00,683] createDB [executeQuery Linea : 46] --> Ejecutando query
INFO :[2021-01-20 22:28:00,683] Vulcano [insercionBD Linea : 383] --> INSERT INTO REGISTROS(legajo,nombre,dia,fecha,ingreso0,egreso0,ingreso1,egreso1,ingreso2,egreso2,ingreso3,egreso3,ingreso4,egreso4,Motivo,Observación)
VALUES ('9','MENDOZA JOSE IGNACIO ','Jueves','2020-10-15','2020-10-14 22:52:00','2020-10-15 08:01:00','2020-10-15 00:00:00','2020-10-15 00:00:00','2020-10-15 00:00:00','2020-10-15 00:00:00','2020-10-15 00:00:00','2020-10-15 00:00:00','2020-10-15 00:00:00','2020-10-15 00:00:00','nan','nan');
INFO :[2021-01-20 22:28:00,683] createDB [conexion Linea : 27] --> Iniciando conexion
INFO :[2021-01-20 22:28:00,684] createDB [executeQuery Linea : 46] --> Ejecutando query
INFO :[2021-01-20 22:28:07,429] Vulcano [fechasDeCalculo Linea : 229] --> Registrando fechas
INFO :[2021-01-20 22:28:14,030] createDB [conexion Linea : 27] --> Iniciando conexion
INFO :[2021-01-20 22:28:19,638] createDB [conexion Linea : 27] --> Iniciando conexion
INFO :[2021-01-20 22:28:19,647] createDB [conexion Linea : 27] --> Iniciando conexion
INFO :[2021-01-20 22:28:19,672] analizador [restaRetrasosTardanzas Linea : 1693] --> Iniciando resta de minutos tardes
INFO :[2021-01-20 22:28:19,719] analizador [restaRetrasosTardanzas Linea : 1693] --> Iniciando resta de minutos tardes
INFO :[2021-01-20 22:28:19,772] createDB [conexion Linea : 27] --> Iniciando conexion
INFO :[2021-01-20 22:28:19,808] createDB [conexion Linea : 27] --> Iniciando conexion
INFO :[2021-01-20 22:28:19,843] createDB [conexion Linea : 27] --> Iniciando conexion
WARNING :[2021-01-20 22:28:22,908] Vulcano [cambioPorMotivos Linea : 1296] --> Correcion de motivo no valida en fecha (2020-10-01)  legajo: (6)
WARNING :[2021-01-20 22:28:22,908] Vulcano [cambioPorMotivos Linea : 1296] --> Correcion de motivo no valida en fecha (2020-10-02)  legajo: (6)
WARNING :[2021-01-20 22:28:22,908] Vulcano [cambioPorMotivos Linea : 1296] --> Correcion de motivo no valida en fecha (2020-10-04)  legajo: (6)
WARNING :[2021-01-20 22:28:22,908] Vulcano [cambioPorMotivos Linea : 1296] --> Correcion de motivo no valida en fecha (2020-10-05)  legajo: (6)
WARNING :[2021-01-20 22:28:22,908] Vulcano [cambioPorMotivos Linea : 1296] --> Correcion de motivo no valida en fecha (2020-10-06)  legajo: (6)
WARNING :[2021-01-20 22:28:22,908] Vulcano [cambioPorMotivos Linea : 1296] --> Correcion de motivo no valida en fecha (2020-10-07)  legajo: (6)
WARNING :[2021-01-20 22:28:22,908] Vulcano [cambioPorMotivos Linea : 1296] --> Correcion de motivo no valida en fecha (2020-10-08)  legajo: (6)
WARNING :[2021-01-20 22:28:22,909] Vulcano [cambioPorMotivos Linea : 1296] --> Correcion de motivo no valida en fecha (2020-10-09)  legajo: (6)
WARNING :[2021-01-20 22:28:22,909] Vulcano [cambioPorMotivos Linea : 1296] --> Correcion de motivo no valida en fecha (2020-10-12)  legajo: (6)
WARNING :[2021-01-20 22:28:22,909] Vulcano [cambioPorMotivos Linea : 1296] --> Correcion de motivo no valida en fecha (2020-10-13)  legajo: (6)
WARNING :[2021-01-20 22:28:22,909] Vulcano [cambioPorMotivos Linea : 1296] --> Correcion de motivo no valida en fecha (2020-10-14)  legajo: (6)
WARNING :[2021-01-20 22:28:22,909] Vulcano [cambioPorMotivos Linea : 1296] --> Correcion de motivo no valida en fecha (2020-10-15)  legajo: (6)
WARNING :[2021-01-20 22:28:22,909] Vulcano [cambioPorMotivos Linea : 1296] --> Correcion de motivo no valida en fecha (2020-10-01)  legajo: (8)
WARNING :[2021-01-20 22:28:22,909] Vulcano [cambioPorMotivos Linea : 1296] --> Correcion de motivo no valida en fecha (2020-10-02)  legajo: (8)
WARNING :[2021-01-20 22:28:22,909] Vulcano [cambioPorMotivos Linea : 1296] --> Correcion de motivo no valida en fecha (2020-10-03)  legajo: (8)
WARNING :[2021-01-20 22:28:22,910] Vulcano [cambioPorMotivos Linea : 1296] --> Correcion de motivo no valida en fecha (2020-10-05)  legajo: (8)
WARNING :[2021-01-20 22:28:22,910] Vulcano [cambioPorMotivos Linea : 1296] --> Correcion de motivo no valida en fecha (2020-10-06)  legajo: (8)
WARNING :[2021-01-20 22:28:22,910] Vulcano [cambioPorMotivos Linea : 1296] --> Correcion de motivo no valida en fecha (2020-10-07)  legajo: (8)
WARNING :[2021-01-20 22:28:22,910] Vulcano [cambioPorMotivos Linea : 1296] --> Correcion de motivo no valida en fecha (2020-10-08)  legajo: (8)
WARNING :[2021-01-20 22:28:22,910] Vulcano [cambioPorMotivos Linea : 1296] --> Correcion de motivo no valida en fecha (2020-10-09)  legajo: (8)
WARNING :[2021-01-20 22:28:22,910] Vulcano [cambioPorMotivos Linea : 1296] --> Correcion de motivo no valida en fecha (2020-10-10)  legajo: (8)
WARNING :[2021-01-20 22:28:22,910] Vulcano [cambioPorMotivos Linea : 1296] --> Correcion de motivo no valida en fecha (2020-10-12)  legajo: (8)
WARNING :[2021-01-20 22:28:22,910] Vulcano [cambioPorMotivos Linea : 1296] --> Correcion de motivo no valida en fecha (2020-10-13)  legajo: (8)
WARNING :[2021-01-20 22:28:22,910] Vulcano [cambioPorMotivos Linea : 1296] --> Correcion de motivo no valida en fecha (2020-10-14)  legajo: (8)
WARNING :[2021-01-20 22:28:22,910] Vulcano [cambioPorMotivos Linea : 1296] --> Correcion de motivo no valida en fecha (2020-10-15)  legajo: (8)
WARNING :[2021-01-20 22:28:22,910] Vulcano [cambioPorMotivos Linea : 1296] --> Correcion de motivo no valida en fecha (2020-10-01)  legajo: (9)
WARNING :[2021-01-20 22:28:22,911] Vulcano [cambioPorMotivos Linea : 1296] --> Correcion de motivo no valida en fecha (2020-10-02)  legajo: (9)
WARNING :[2021-01-20 22:28:22,911] Vulcano [cambioPorMotivos Linea : 1296] --> Correcion de motivo no valida en fecha (2020-10-03)  legajo: (9)
WARNING :[2021-01-20 22:28:22,911] Vulcano [cambioPorMotivos Linea : 1296] --> Correcion de motivo no valida en fecha (2020-10-04)  legajo: (9)
WARNING :[2021-01-20 22:28:22,911] Vulcano [cambioPorMotivos Linea : 1296] --> Correcion de motivo no valida en fecha (2020-10-06)  legajo: (9)
WARNING :[2021-01-20 22:28:22,911] Vulcano [cambioPorMotivos Linea : 1296] --> Correcion de motivo no valida en fecha (2020-10-07)  legajo: (9)
WARNING :[2021-01-20 22:28:22,911] Vulcano [cambioPorMotivos Linea : 1296] --> Correcion de motivo no valida en fecha (2020-10-08)  legajo: (9)
WARNING :[2021-01-20 22:28:22,911] Vulcano [cambioPorMotivos Linea : 1296] --> Correcion de motivo no valida en fecha (2020-10-09)  legajo: (9)
WARNING :[2021-01-20 22:28:22,911] Vulcano [cambioPorMotivos Linea : 1296] --> Correcion de motivo no valida en fecha (2020-10-10)  legajo: (9)
WARNING :[2021-01-20 22:28:22,911] Vulcano [cambioPorMotivos Linea : 1296] --> Correcion de motivo no valida en fecha (2020-10-11)  legajo: (9)
WARNING :[2021-01-20 22:28:22,911] Vulcano [cambioPorMotivos Linea : 1296] --> Correcion de motivo no valida en fecha (2020-10-12)  legajo: (9)
WARNING :[2021-01-20 22:28:22,912] Vulcano [cambioPorMotivos Linea : 1296] --> Correcion de motivo no valida en fecha (2020-10-14)  legajo: (9)
WARNING :[2021-01-20 22:28:22,912] Vulcano [cambioPorMotivos Linea : 1296] --> Correcion de motivo no valida en fecha (2020-10-15)  legajo: (9)
INFO :[2021-01-20 22:28:24,539] Vulcano [escritorInformeFaltasTardanzas Linea : 1733] --> Creacion del Word de manera correcta
INFO :[2021-01-20 22:28:27,823] Vulcano [escritorInformeFaltasTardanzas Linea : 1741] --> Creacion del PDF de manera correcta
INFO :[2021-01-20 22:29:51,953] Vulcano [fechasDeCalculo Linea : 229] --> Registrando fechas
INFO :[2021-01-20 22:30:00,680] createDB [conexion Linea : 27] --> Iniciando conexion
INFO :[2021-01-20 22:30:00,715] analizador [limpiador Linea : 241] --> Acomodando legajo 9, dia de analisis: 2020-10-01,Condicion CUATRO
INFO :[2021-01-20 22:30:00,717] analizador [limpiador Linea : 283] --> Acomodando legajo 9, dia de analisis: 2020-10-02,Condicion SEIS
INFO :[2021-01-20 22:30:00,720] analizador [limpiador Linea : 300] --> Acomodando legajo 9, dia de analisis: 2020-10-03,Condicion SIETE
INFO :[2021-01-20 22:30:00,724] analizador [limpiador Linea : 179] --> Acomodando legajo 9, dia de analisis: 2020-10-05,Condicion UNO
INFO :[2021-01-20 22:30:00,728] analizador [limpiador Linea : 283] --> Acomodando legajo 9, dia de analisis: 2020-10-07,Condicion SEIS
INFO :[2021-01-20 22:30:00,730] analizador [limpiador Linea : 283] --> Acomodando legajo 9, dia de analisis: 2020-10-08,Condicion SEIS
INFO :[2021-01-20 22:30:00,733] analizador [limpiador Linea : 283] --> Acomodando legajo 9, dia de analisis: 2020-10-09,Condicion SEIS
INFO :[2021-01-20 22:30:00,735] analizador [limpiador Linea : 300] --> Acomodando legajo 9, dia de analisis: 2020-10-10,Condicion SIETE
INFO :[2021-01-20 22:30:00,740] analizador [limpiador Linea : 179] --> Acomodando legajo 9, dia de analisis: 2020-10-13,Condicion UNO
INFO :[2021-01-20 22:30:00,745] analizador [limpiador Linea : 283] --> Acomodando legajo 9, dia de analisis: 2020-10-15,Condicion SEIS
INFO :[2021-01-20 22:30:00,762] Vulcano [limpiezaDeRegistros Linea : 672] --> Limpiando registros
INFO :[2021-01-20 22:30:00,762] createDB [conexion Linea : 27] --> Iniciando conexion
INFO :[2021-01-20 22:30:00,839] analizador [informeNoFichadas Linea : 1801] --> Comenzando escritura en el word
INFO :[2021-01-20 22:30:00,852] createDB [conexion Linea : 27] --> Iniciando conexion
INFO :[2021-01-20 22:31:16,820] Vulcano [fechasDeCalculo Linea : 229] --> Registrando fechas
INFO :[2021-01-20 22:31:23,553] createDB [conexion Linea : 27] --> Iniciando conexion
INFO :[2021-01-20 22:31:23,576] Vulcano [insercionBD Linea : 374] --> Insertando registros en la BD
INFO :[2021-01-20 22:31:23,577] Vulcano [insercionBD Linea : 383] --> INSERT INTO REGISTROS(legajo,nombre,dia,fecha,ingreso0,egreso0,ingreso1,egreso1,ingreso2,egreso2,ingreso3,egreso3,ingreso4,egreso4,Motivo,Observación)
VALUES ('6','TOMACELLO PABLO ','Jueves','2020-10-01','2020-10-01 06:31:00','2020-10-01 16:50:00','2020-10-01 00:00:00','2020-10-01 00:00:00','2020-10-01 00:00:00','2020-10-01 00:00:00','2020-10-01 00:00:00','2020-10-01 00:00:00','2020-10-01 00:00:00','2020-10-01 00:00:00','HS ENFERMEDAD','nan');
INFO :[2021-01-20 22:31:23,577] createDB [conexion Linea : 27] --> Iniciando conexion
INFO :[2021-01-20 22:31:23,577] createDB [executeQuery Linea : 46] --> Ejecutando query
INFO :[2021-01-20 22:31:23,657] Vulcano [insercionBD Linea : 383] --> INSERT INTO REGISTROS(legajo,nombre,dia,fecha,ingreso0,egreso0,ingreso1,egreso1,ingreso2,egreso2,ingreso3,egreso3,ingreso4,egreso4,Motivo,Observación)
VALUES ('6','TOMACELLO PABLO ','Viernes','2020-10-02','2020-10-02 06:33:00','2020-10-02 16:49:00','2020-10-02 00:00:00','2020-10-02 00:00:00','2020-10-02 00:00:00','2020-10-02 00:00:00','2020-10-02 00:00:00','2020-10-02 00:00:00','2020-10-02 00:00:00','2020-10-02 00:00:00','HS ACCIDENTE','nan');
INFO :[2021-01-20 22:31:23,657] createDB [conexion Linea : 27] --> Iniciando conexion
INFO :[2021-01-20 22:31:23,657] createDB [executeQuery Linea : 46] --> Ejecutando query
INFO :[2021-01-20 22:31:23,725] Vulcano [insercionBD Linea : 383] --> INSERT INTO REGISTROS(legajo,nombre,dia,fecha,ingreso0,egreso0,ingreso1,egreso1,ingreso2,egreso2,ingreso3,egreso3,ingreso4,egreso4,Motivo,Observación)
VALUES ('6','TOMACELLO PABLO ','Domingo','2020-10-04','2020-10-04 06:33:00','2020-10-04 16:49:00','2020-10-04 00:00:00','2020-10-04 00:00:00','2020-10-04 00:00:00','2020-10-04 00:00:00','2020-10-04 00:00:00','2020-10-04 00:00:00','2020-10-04 00:00:00','2020-10-04 00:00:00','FERIADO','nan');
INFO :[2021-01-20 22:31:23,725] createDB [conexion Linea : 27] --> Iniciando conexion
INFO :[2021-01-20 22:31:23,725] createDB [executeQuery Linea : 46] --> Ejecutando query
INFO :[2021-01-20 22:31:23,816] Vulcano [insercionBD Linea : 383] --> INSERT INTO REGISTROS(legajo,nombre,dia,fecha,ingreso0,egreso0,ingreso1,egreso1,ingreso2,egreso2,ingreso3,egreso3,ingreso4,egreso4,Motivo,Observación)
VALUES ('6','TOMACELLO PABLO ','Lunes','2020-10-05','2020-10-05 06:30:00','2020-10-05 16:54:00','2020-10-05 00:00:00','2020-10-05 00:00:00','2020-10-05 00:00:00','2020-10-05 00:00:00','2020-10-05 00:00:00','2020-10-05 00:00:00','2020-10-05 00:00:00','2020-10-05 00:00:00','FALLECIMIENTO FAMILIAR','nan');
INFO :[2021-01-20 22:31:23,816] createDB [conexion Linea : 27] --> Iniciando conexion
INFO :[2021-01-20 22:31:23,816] createDB [executeQuery Linea : 46] --> Ejecutando query
INFO :[2021-01-20 22:31:23,908] Vulcano [insercionBD Linea : 383] --> INSERT INTO REGISTROS(legajo,nombre,dia,fecha,ingreso0,egreso0,ingreso1,egreso1,ingreso2,egreso2,ingreso3,egreso3,ingreso4,egreso4,Motivo,Observación)
VALUES ('6','TOMACELLO PABLO ','Martes','2020-10-06','2020-10-06 06:34:00','2020-10-06 16:49:00','2020-10-06 00:00:00','2020-10-06 00:00:00','2020-10-06 00:00:00','2020-10-06 00:00:00','2020-10-06 00:00:00','2020-10-06 00:00:00','2020-10-06 00:00:00','2020-10-06 00:00:00','LIC S GOCE','nan');
INFO :[2021-01-20 22:31:23,908] createDB [conexion Linea : 27] --> Iniciando conexion
INFO :[2021-01-20 22:31:23,908] createDB [executeQuery Linea : 46] --> Ejecutando query
INFO :[2021-01-20 22:31:24,006] Vulcano [insercionBD Linea : 383] --> INSERT INTO REGISTROS(legajo,nombre,dia,fecha,ingreso0,egreso0,ingreso1,egreso1,ingreso2,egreso2,ingreso3,egreso3,ingreso4,egreso4,Motivo,Observación)
VALUES ('6','TOMACELLO PABLO ','Miércoles','2020-10-07','2020-10-07 06:32:00','2020-10-07 16:54:00','2020-10-07 00:00:00','2020-10-07 00:00:00','2020-10-07 00:00:00','2020-10-07 00:00:00','2020-10-07 00:00:00','2020-10-07 00:00:00','2020-10-07 00:00:00','2020-10-07 00:00:00','SUSPENSION','nan');
INFO :[2021-01-20 22:31:24,006] createDB [conexion Linea : 27] --> Iniciando conexion
INFO :[2021-01-20 22:31:24,006] createDB [executeQuery Linea : 46] --> Ejecutando query
INFO :[2021-01-20 22:31:24,089] Vulcano [insercionBD Linea : 383] --> INSERT INTO REGISTROS(legajo,nombre,dia,fecha,ingreso0,egreso0,ingreso1,egreso1,ingreso2,egreso2,ingreso3,egreso3,ingreso4,egreso4,Motivo,Observación)
VALUES ('6','TOMACELLO PABLO ','Jueves','2020-10-08','2020-10-08 06:27:00','2020-10-08 16:57:00','2020-10-08 00:00:00','2020-10-08 00:00:00','2020-10-08 00:00:00','2020-10-08 00:00:00','2020-10-08 00:00:00','2020-10-08 00:00:00','2020-10-08 00:00:00','2020-10-08 00:00:00','LIC POR PATERNIDAD','nan');
INFO :[2021-01-20 22:31:24,089] createDB [conexion Linea : 27] --> Iniciando conexion
INFO :[2021-01-20 22:31:24,089] createDB [executeQuery Linea : 46] --> Ejecutando query
INFO :[2021-01-20 22:31:24,170] Vulcano [insercionBD Linea : 383] --> INSERT INTO REGISTROS(legajo,nombre,dia,fecha,ingreso0,egreso0,ingreso1,egreso1,ingreso2,egreso2,ingreso3,egreso3,ingreso4,egreso4,Motivo,Observación)
VALUES ('6','TOMACELLO PABLO ','Viernes','2020-10-09','2020-10-09 06:35:00','2020-10-09 16:48:00','2020-10-09 00:00:00','2020-10-09 00:00:00','2020-10-09 00:00:00','2020-10-09 00:00:00','2020-10-09 00:00:00','2020-10-09 00:00:00','2020-10-09 00:00:00','2020-10-09 00:00:00','EXAMEN','nan');
INFO :[2021-01-20 22:31:24,170] createDB [conexion Linea : 27] --> Iniciando conexion
INFO :[2021-01-20 22:31:24,170] createDB [executeQuery Linea : 46] --> Ejecutando query
INFO :[2021-01-20 22:31:24,262] Vulcano [insercionBD Linea : 383] --> INSERT INTO REGISTROS(legajo,nombre,dia,fecha,ingreso0,egreso0,ingreso1,egreso1,ingreso2,egreso2,ingreso3,egreso3,ingreso4,egreso4,Motivo,Observación)
VALUES ('6','TOMACELLO PABLO ','Lunes','2020-10-12','2020-10-12 00:00:00','2020-10-12 00:00:00','2020-10-12 00:00:00','2020-10-12 00:00:00','2020-10-12 00:00:00','2020-10-12 00:00:00','2020-10-12 00:00:00','2020-10-12 00:00:00','2020-10-12 00:00:00','2020-10-12 00:00:00','nan','nan');
INFO :[2021-01-20 22:31:24,262] createDB [conexion Linea : 27] --> Iniciando conexion
INFO :[2021-01-20 22:31:24,263] createDB [executeQuery Linea : 46] --> Ejecutando query
INFO :[2021-01-20 22:31:24,355] Vulcano [insercionBD Linea : 383] --> INSERT INTO REGISTROS(legajo,nombre,dia,fecha,ingreso0,egreso0,ingreso1,egreso1,ingreso2,egreso2,ingreso3,egreso3,ingreso4,egreso4,Motivo,Observación)
VALUES ('6','TOMACELLO PABLO ','Martes','2020-10-13','2020-10-13 06:27:00','2020-10-13 16:50:00','2020-10-13 00:00:00','2020-10-13 00:00:00','2020-10-13 00:00:00','2020-10-13 00:00:00','2020-10-13 00:00:00','2020-10-13 00:00:00','2020-10-13 00:00:00','2020-10-13 00:00:00','FALTA FAMILIAR ENFERMO','nan');
INFO :[2021-01-20 22:31:24,355] createDB [conexion Linea : 27] --> Iniciando conexion
INFO :[2021-01-20 22:31:24,355] createDB [executeQuery Linea : 46] --> Ejecutando query
INFO :[2021-01-20 22:31:24,437] Vulcano [insercionBD Linea : 383] --> INSERT INTO REGISTROS(legajo,nombre,dia,fecha,ingreso0,egreso0,ingreso1,egreso1,ingreso2,egreso2,ingreso3,egreso3,ingreso4,egreso4,Motivo,Observación)
VALUES ('6','TOMACELLO PABLO ','Miércoles','2020-10-14','2020-10-14 06:31:00','2020-10-14 16:51:00','2020-10-14 00:00:00','2020-10-14 00:00:00','2020-10-14 00:00:00','2020-10-14 00:00:00','2020-10-14 00:00:00','2020-10-14 00:00:00','2020-10-14 00:00:00','2020-10-14 00:00:00','RETIRO ANTICIPADO EN HS','nan');
INFO :[2021-01-20 22:31:24,437] createDB [conexion Linea : 27] --> Iniciando conexion
INFO :[2021-01-20 22:31:24,437] createDB [executeQuery Linea : 46] --> Ejecutando query
INFO :[2021-01-20 22:31:24,529] Vulcano [insercionBD Linea : 383] --> INSERT INTO REGISTROS(legajo,nombre,dia,fecha,ingreso0,egreso0,ingreso1,egreso1,ingreso2,egreso2,ingreso3,egreso3,ingreso4,egreso4,Motivo,Observación)
VALUES ('6','TOMACELLO PABLO ','Jueves','2020-10-15','2020-10-15 06:33:00','2020-10-15 16:49:00','2020-10-15 00:00:00','2020-10-15 00:00:00','2020-10-15 00:00:00','2020-10-15 00:00:00','2020-10-15 00:00:00','2020-10-15 00:00:00','2020-10-15 00:00:00','2020-10-15 00:00:00','hs no trabajadas','nan');
INFO :[2021-01-20 22:31:24,529] createDB [conexion Linea : 27] --> Iniciando conexion
INFO :[2021-01-20 22:31:24,529] createDB [executeQuery Linea : 46] --> Ejecutando query
INFO :[2021-01-20 22:31:24,637] Vulcano [insercionBD Linea : 374] --> Insertando registros en la BD
INFO :[2021-01-20 22:31:24,638] Vulcano [insercionBD Linea : 383] --> INSERT INTO REGISTROS(legajo,nombre,dia,fecha,ingreso0,egreso0,ingreso1,egreso1,ingreso2,egreso2,ingreso3,egreso3,ingreso4,egreso4,Motivo,Observación)
VALUES ('8','REYNA ALFREDO ALBERTO ','Jueves','2020-10-01','2020-10-01 08:05:00','2020-10-01 12:31:00','2020-10-01 13:05:00','2020-10-01 16:51:00','2020-10-01 00:00:00','2020-10-01 00:00:00','2020-10-01 00:00:00','2020-10-01 00:00:00','2020-10-01 00:00:00','2020-10-01 00:00:00','LLEG TARDE','nan');
INFO :[2021-01-20 22:31:24,638] createDB [conexion Linea : 27] --> Iniciando conexion
INFO :[2021-01-20 22:31:24,638] createDB [executeQuery Linea : 46] --> Ejecutando query
INFO :[2021-01-20 22:31:24,731] Vulcano [insercionBD Linea : 383] --> INSERT INTO REGISTROS(legajo,nombre,dia,fecha,ingreso0,egreso0,ingreso1,egreso1,ingreso2,egreso2,ingreso3,egreso3,ingreso4,egreso4,Motivo,Observación)
VALUES ('8','REYNA ALFREDO ALBERTO ','Viernes','2020-10-02','2020-10-02 07:54:00','2020-10-02 12:34:00','2020-10-02 13:03:00','2020-10-02 16:54:00','2020-10-02 00:00:00','2020-10-02 00:00:00','2020-10-02 00:00:00','2020-10-02 00:00:00','2020-10-02 00:00:00','2020-10-02 00:00:00','FALTAS INJUSTIFICADAS','nan');
INFO :[2021-01-20 22:31:24,731] createDB [conexion Linea : 27] --> Iniciando conexion
INFO :[2021-01-20 22:31:24,731] createDB [executeQuery Linea : 46] --> Ejecutando query
INFO :[2021-01-20 22:31:24,824] Vulcano [insercionBD Linea : 383] --> INSERT INTO REGISTROS(legajo,nombre,dia,fecha,ingreso0,egreso0,ingreso1,egreso1,ingreso2,egreso2,ingreso3,egreso3,ingreso4,egreso4,Motivo,Observación)
VALUES ('8','REYNA ALFREDO ALBERTO ','Sábado','2020-10-03','2020-10-03 08:07:00','2020-10-03 13:03:00','2020-10-03 00:00:00','2020-10-03 00:00:00','2020-10-03 00:00:00','2020-10-03 00:00:00','2020-10-03 00:00:00','2020-10-03 00:00:00','2020-10-03 00:00:00','2020-10-03 00:00:00','FALTA JUSTIFICADA','nan');
INFO :[2021-01-20 22:31:24,824] createDB [conexion Linea : 27] --> Iniciando conexion
INFO :[2021-01-20 22:31:24,824] createDB [executeQuery Linea : 46] --> Ejecutando query
INFO :[2021-01-20 22:31:24,894] Vulcano [insercionBD Linea : 383] --> INSERT INTO REGISTROS(legajo,nombre,dia,fecha,ingreso0,egreso0,ingreso1,egreso1,ingreso2,egreso2,ingreso3,egreso3,ingreso4,egreso4,Motivo,Observación)
VALUES ('8','REYNA ALFREDO ALBERTO ','Lunes','2020-10-05','2020-10-05 07:59:00','2020-10-05 12:33:00','2020-10-05 13:05:00','2020-10-05 17:32:00','2020-10-05 00:00:00','2020-10-05 00:00:00','2020-10-05 00:00:00','2020-10-05 00:00:00','2020-10-05 00:00:00','2020-10-05 00:00:00','nan','nan');
INFO :[2021-01-20 22:31:24,894] createDB [conexion Linea : 27] --> Iniciando conexion
INFO :[2021-01-20 22:31:24,894] createDB [executeQuery Linea : 46] --> Ejecutando query
INFO :[2021-01-20 22:31:24,978] Vulcano [insercionBD Linea : 383] --> INSERT INTO REGISTROS(legajo,nombre,dia,fecha,ingreso0,egreso0,ingreso1,egreso1,ingreso2,egreso2,ingreso3,egreso3,ingreso4,egreso4,Motivo,Observación)
VALUES ('8','REYNA ALFREDO ALBERTO ','Martes','2020-10-06','2020-10-06 07:49:00','2020-10-06 12:34:00','2020-10-06 13:03:00','2020-10-06 16:52:00','2020-10-06 00:00:00','2020-10-06 00:00:00','2020-10-06 00:00:00','2020-10-06 00:00:00','2020-10-06 00:00:00','2020-10-06 00:00:00','nan','nan');
INFO :[2021-01-20 22:31:24,978] createDB [conexion Linea : 27] --> Iniciando conexion
INFO :[2021-01-20 22:31:24,978] createDB [executeQuery Linea : 46] --> Ejecutando query
INFO :[2021-01-20 22:31:25,081] Vulcano [insercionBD Linea : 383] --> INSERT INTO REGISTROS(legajo,nombre,dia,fecha,ingreso0,egreso0,ingreso1,egreso1,ingreso2,egreso2,ingreso3,egreso3,ingreso4,egreso4,Motivo,Observación)
VALUES ('8','REYNA ALFREDO ALBERTO ','Miércoles','2020-10-07','2020-10-07 07:52:00','2020-10-07 12:34:00','2020-10-07 13:04:00','2020-10-07 16:50:00','2020-10-07 00:00:00','2020-10-07 00:00:00','2020-10-07 00:00:00','2020-10-07 00:00:00','2020-10-07 00:00:00','2020-10-07 00:00:00','nan','nan');
INFO :[2021-01-20 22:31:25,081] createDB [conexion Linea : 27] --> Iniciando conexion
INFO :[2021-01-20 22:31:25,081] createDB [executeQuery Linea : 46] --> Ejecutando query
INFO :[2021-01-20 22:31:25,181] Vulcano [insercionBD Linea : 383] --> INSERT INTO REGISTROS(legajo,nombre,dia,fecha,ingreso0,egreso0,ingreso1,egreso1,ingreso2,egreso2,ingreso3,egreso3,ingreso4,egreso4,Motivo,Observación)
VALUES ('8','REYNA ALFREDO ALBERTO ','Jueves','2020-10-08','2020-10-08 07:54:00','2020-10-08 12:31:00','2020-10-08 13:04:00','2020-10-08 16:52:00','2020-10-08 00:00:00','2020-10-08 00:00:00','2020-10-08 00:00:00','2020-10-08 00:00:00','2020-10-08 00:00:00','2020-10-08 00:00:00','nan','nan');
INFO :[2021-01-20 22:31:25,181] createDB [conexion Linea : 27] --> Iniciando conexion
INFO :[2021-01-20 22:31:25,181] createDB [executeQuery Linea : 46] --> Ejecutando query
INFO :[2021-01-20 22:31:25,272] Vulcano [insercionBD Linea : 383] --> INSERT INTO REGISTROS(legajo,nombre,dia,fecha,ingreso0,egreso0,ingreso1,egreso1,ingreso2,egreso2,ingreso3,egreso3,ingreso4,egreso4,Motivo,Observación)
VALUES ('8','REYNA ALFREDO ALBERTO ','Viernes','2020-10-09','2020-10-09 07:58:00','2020-10-09 12:36:00','2020-10-09 13:01:00','2020-10-09 16:50:00','2020-10-09 00:00:00','2020-10-09 00:00:00','2020-10-09 00:00:00','2020-10-09 00:00:00','2020-10-09 00:00:00','2020-10-09 00:00:00','nan','nan');
INFO :[2021-01-20 22:31:25,272] createDB [conexion Linea : 27] --> Iniciando conexion
INFO :[2021-01-20 22:31:25,272] createDB [executeQuery Linea : 46] --> Ejecutando query
INFO :[2021-01-20 22:31:25,356] Vulcano [insercionBD Linea : 383] --> INSERT INTO REGISTROS(legajo,nombre,dia,fecha,ingreso0,egreso0,ingreso1,egreso1,ingreso2,egreso2,ingreso3,egreso3,ingreso4,egreso4,Motivo,Observación)
VALUES ('8','REYNA ALFREDO ALBERTO ','Sábado','2020-10-10','2020-10-10 08:13:00','2020-10-10 13:04:00','2020-10-10 00:00:00','2020-10-10 00:00:00','2020-10-10 00:00:00','2020-10-10 00:00:00','2020-10-10 00:00:00','2020-10-10 00:00:00','2020-10-10 00:00:00','2020-10-10 00:00:00','nan','nan');
INFO :[2021-01-20 22:31:25,356] createDB [conexion Linea : 27] --> Iniciando conexion
INFO :[2021-01-20 22:31:25,356] createDB [executeQuery Linea : 46] --> Ejecutando query
INFO :[2021-01-20 22:31:25,449] Vulcano [insercionBD Linea : 383] --> INSERT INTO REGISTROS(legajo,nombre,dia,fecha,ingreso0,egreso0,ingreso1,egreso1,ingreso2,egreso2,ingreso3,egreso3,ingreso4,egreso4,Motivo,Observación)
VALUES ('8','REYNA ALFREDO ALBERTO ','Lunes','2020-10-12','2020-10-12 08:15:00','2020-10-12 13:00:00','2020-10-12 00:00:00','2020-10-12 00:00:00','2020-10-12 00:00:00','2020-10-12 00:00:00','2020-10-12 00:00:00','2020-10-12 00:00:00','2020-10-12 00:00:00','2020-10-12 00:00:00','nan','nan');
INFO :[2021-01-20 22:31:25,449] createDB [conexion Linea : 27] --> Iniciando conexion
INFO :[2021-01-20 22:31:25,449] createDB [executeQuery Linea : 46] --> Ejecutando query
INFO :[2021-01-20 22:31:25,537] Vulcano [insercionBD Linea : 383] --> INSERT INTO REGISTROS(legajo,nombre,dia,fecha,ingreso0,egreso0,ingreso1,egreso1,ingreso2,egreso2,ingreso3,egreso3,ingreso4,egreso4,Motivo,Observación)
VALUES ('8','REYNA ALFREDO ALBERTO ','Martes','2020-10-13','2020-10-13 07:58:00','2020-10-13 12:31:00','2020-10-13 13:03:00','2020-10-13 16:52:00','2020-10-13 00:00:00','2020-10-13 00:00:00','2020-10-13 00:00:00','2020-10-13 00:00:00','2020-10-13 00:00:00','2020-10-13 00:00:00','nan','nan');
INFO :[2021-01-20 22:31:25,537] createDB [conexion Linea : 27] --> Iniciando conexion
INFO :[2021-01-20 22:31:25,537] createDB [executeQuery Linea : 46] --> Ejecutando query
INFO :[2021-01-20 22:31:25,619] Vulcano [insercionBD Linea : 383] --> INSERT INTO REGISTROS(legajo,nombre,dia,fecha,ingreso0,egreso0,ingreso1,egreso1,ingreso2,egreso2,ingreso3,egreso3,ingreso4,egreso4,Motivo,Observación)
VALUES ('8','REYNA ALFREDO ALBERTO ','Miércoles','2020-10-14','2020-10-14 07:58:00','2020-10-14 12:30:00','2020-10-14 13:00:00','2020-10-14 16:48:00','2020-10-14 00:00:00','2020-10-14 00:00:00','2020-10-14 00:00:00','2020-10-14 00:00:00','2020-10-14 00:00:00','2020-10-14 00:00:00','nan','nan');
INFO :[2021-01-20 22:31:25,619] createDB [conexion Linea : 27] --> Iniciando conexion
INFO :[2021-01-20 22:31:25,619] createDB [executeQuery Linea : 46] --> Ejecutando query
INFO :[2021-01-20 22:31:25,710] Vulcano [insercionBD Linea : 383] --> INSERT INTO REGISTROS(legajo,nombre,dia,fecha,ingreso0,egreso0,ingreso1,egreso1,ingreso2,egreso2,ingreso3,egreso3,ingreso4,egreso4,Motivo,Observación)
VALUES ('8','REYNA ALFREDO ALBERTO ','Jueves','2020-10-15','2020-10-15 07:54:00','2020-10-15 12:30:00','2020-10-15 12:59:00','2020-10-15 16:48:00','2020-10-15 00:00:00','2020-10-15 00:00:00','2020-10-15 00:00:00','2020-10-15 00:00:00','2020-10-15 00:00:00','2020-10-15 00:00:00','nan','nan');
INFO :[2021-01-20 22:31:25,710] createDB [conexion Linea : 27] --> Iniciando conexion
INFO :[2021-01-20 22:31:25,710] createDB [executeQuery Linea : 46] --> Ejecutando query
INFO :[2021-01-20 22:31:25,845] Vulcano [insercionBD Linea : 374] --> Insertando registros en la BD
INFO :[2021-01-20 22:31:25,845] Vulcano [insercionBD Linea : 383] --> INSERT INTO REGISTROS(legajo,nombre,dia,fecha,ingreso0,egreso0,ingreso1,egreso1,ingreso2,egreso2,ingreso3,egreso3,ingreso4,egreso4,Motivo,Observación)
VALUES ('9','MENDOZA JOSE IGNACIO ','Jueves','2020-10-01','2020-09-30 23:03:00','2020-10-01 08:13:00','2020-10-01 00:00:00','2020-10-01 00:00:00','2020-10-01 00:00:00','2020-10-01 00:00:00','2020-10-01 00:00:00','2020-10-01 00:00:00','2020-10-01 00:00:00','2020-10-01 00:00:00','nan','nan');
INFO :[2021-01-20 22:31:25,845] createDB [conexion Linea : 27] --> Iniciando conexion
INFO :[2021-01-20 22:31:25,846] createDB [executeQuery Linea : 46] --> Ejecutando query
INFO :[2021-01-20 22:31:25,946] Vulcano [insercionBD Linea : 383] --> INSERT INTO REGISTROS(legajo,nombre,dia,fecha,ingreso0,egreso0,ingreso1,egreso1,ingreso2,egreso2,ingreso3,egreso3,ingreso4,egreso4,Motivo,Observación)
VALUES ('9','MENDOZA JOSE IGNACIO ','Viernes','2020-10-02','2020-10-01 22:44:00','2020-10-02 08:07:00','2020-10-02 00:00:00','2020-10-02 00:00:00','2020-10-02 00:00:00','2020-10-02 00:00:00','2020-10-02 00:00:00','2020-10-02 00:00:00','2020-10-02 00:00:00','2020-10-02 00:00:00','nan','nan');
INFO :[2021-01-20 22:31:25,946] createDB [conexion Linea : 27] --> Iniciando conexion
INFO :[2021-01-20 22:31:25,946] createDB [executeQuery Linea : 46] --> Ejecutando query
INFO :[2021-01-20 22:31:26,047] Vulcano [insercionBD Linea : 383] --> INSERT INTO REGISTROS(legajo,nombre,dia,fecha,ingreso0,egreso0,ingreso1,egreso1,ingreso2,egreso2,ingreso3,egreso3,ingreso4,egreso4,Motivo,Observación)
VALUES ('9','MENDOZA JOSE IGNACIO ','Sábado','2020-10-03','2020-10-02 22:44:00','2020-10-03 08:02:00','2020-10-03 00:00:00','2020-10-03 00:00:00','2020-10-03 00:00:00','2020-10-03 00:00:00','2020-10-03 00:00:00','2020-10-03 00:00:00','2020-10-03 00:00:00','2020-10-03 00:00:00','nan','nan');
INFO :[2021-01-20 22:31:26,047] createDB [conexion Linea : 27] --> Iniciando conexion
INFO :[2021-01-20 22:31:26,047] createDB [executeQuery Linea : 46] --> Ejecutando query
INFO :[2021-01-20 22:31:26,152] Vulcano [insercionBD Linea : 383] --> INSERT INTO REGISTROS(legajo,nombre,dia,fecha,ingreso0,egreso0,ingreso1,egreso1,ingreso2,egreso2,ingreso3,egreso3,ingreso4,egreso4,Motivo,Observación)
VALUES ('9','MENDOZA JOSE IGNACIO ','Domingo','2020-10-04','2020-10-04 08:06:00','2020-10-04 16:44:00','2020-10-04 00:00:00','2020-10-04 00:00:00','2020-10-04 00:00:00','2020-10-04 00:00:00','2020-10-04 00:00:00','2020-10-04 00:00:00','2020-10-04 00:00:00','2020-10-04 00:00:00','nan','nan');
INFO :[2021-01-20 22:31:26,152] createDB [conexion Linea : 27] --> Iniciando conexion
INFO :[2021-01-20 22:31:26,152] createDB [executeQuery Linea : 46] --> Ejecutando query
INFO :[2021-01-20 22:31:26,240] Vulcano [insercionBD Linea : 383] --> INSERT INTO REGISTROS(legajo,nombre,dia,fecha,ingreso0,egreso0,ingreso1,egreso1,ingreso2,egreso2,ingreso3,egreso3,ingreso4,egreso4,Motivo,Observación)
VALUES ('9','MENDOZA JOSE IGNACIO ','Martes','2020-10-06','2020-10-05 22:43:00','2020-10-06 08:06:00','2020-10-06 00:00:00','2020-10-06 00:00:00','2020-10-06 00:00:00','2020-10-06 00:00:00','2020-10-06 00:00:00','2020-10-06 00:00:00','2020-10-06 00:00:00','2020-10-06 00:00:00','nan','nan');
INFO :[2021-01-20 22:31:26,240] createDB [conexion Linea : 27] --> Iniciando conexion
INFO :[2021-01-20 22:31:26,241] createDB [executeQuery Linea : 46] --> Ejecutando query
INFO :[2021-01-20 22:31:26,341] Vulcano [insercionBD Linea : 383] --> INSERT INTO REGISTROS(legajo,nombre,dia,fecha,ingreso0,egreso0,ingreso1,egreso1,ingreso2,egreso2,ingreso3,egreso3,ingreso4,egreso4,Motivo,Observación)
VALUES ('9','MENDOZA JOSE IGNACIO ','Miércoles','2020-10-07','2020-10-06 22:44:00','2020-10-07 08:06:00','2020-10-07 00:00:00','2020-10-07 00:00:00','2020-10-07 00:00:00','2020-10-07 00:00:00','2020-10-07 00:00:00','2020-10-07 00:00:00','2020-10-07 00:00:00','2020-10-07 00:00:00','nan','nan');
INFO :[2021-01-20 22:31:26,341] createDB [conexion Linea : 27] --> Iniciando conexion
INFO :[2021-01-20 22:31:26,341] createDB [executeQuery Linea : 46] --> Ejecutando query
INFO :[2021-01-20 22:31:26,453] Vulcano [insercionBD Linea : 383] --> INSERT INTO REGISTROS(legajo,nombre,dia,fecha,ingreso0,egreso0,ingreso1,egreso1,ingreso2,egreso2,ingreso3,egreso3,ingreso4,egreso4,Motivo,Observación)
VALUES ('9','MENDOZA JOSE IGNACIO ','Jueves','2020-10-08','2020-10-07 23:06:00','2020-10-08 08:08:00','2020-10-08 00:00:00','2020-10-08 00:00:00','2020-10-08 00:00:00','2020-10-08 00:00:00','2020-10-08 00:00:00','2020-10-08 00:00:00','2020-10-08 00:00:00','2020-10-08 00:00:00','nan','nan');
INFO :[2021-01-20 22:31:26,453] createDB [conexion Linea : 27] --> Iniciando conexion
INFO :[2021-01-20 22:31:26,454] createDB [executeQuery Linea : 46] --> Ejecutando query
INFO :[2021-01-20 22:31:26,533] Vulcano [insercionBD Linea : 383] --> INSERT INTO REGISTROS(legajo,nombre,dia,fecha,ingreso0,egreso0,ingreso1,egreso1,ingreso2,egreso2,ingreso3,egreso3,ingreso4,egreso4,Motivo,Observación)
VALUES ('9','MENDOZA JOSE IGNACIO ','Viernes','2020-10-09','2020-10-08 22:58:00','2020-10-09 08:06:00','2020-10-09 00:00:00','2020-10-09 00:00:00','2020-10-09 00:00:00','2020-10-09 00:00:00','2020-10-09 00:00:00','2020-10-09 00:00:00','2020-10-09 00:00:00','2020-10-09 00:00:00','nan','nan');
INFO :[2021-01-20 22:31:26,533] createDB [conexion Linea : 27] --> Iniciando conexion
INFO :[2021-01-20 22:31:26,533] createDB [executeQuery Linea : 46] --> Ejecutando query
INFO :[2021-01-20 22:31:26,623] Vulcano [insercionBD Linea : 383] --> INSERT INTO REGISTROS(legajo,nombre,dia,fecha,ingreso0,egreso0,ingreso1,egreso1,ingreso2,egreso2,ingreso3,egreso3,ingreso4,egreso4,Motivo,Observación)
VALUES ('9','MENDOZA JOSE IGNACIO ','Sábado','2020-10-10','2020-10-09 22:39:00','2020-10-10 08:04:00','2020-10-10 00:00:00','2020-10-10 00:00:00','2020-10-10 00:00:00','2020-10-10 00:00:00','2020-10-10 00:00:00','2020-10-10 00:00:00','2020-10-10 00:00:00','2020-10-10 00:00:00','nan','nan');
INFO :[2021-01-20 22:31:26,623] createDB [conexion Linea : 27] --> Iniciando conexion
INFO :[2021-01-20 22:31:26,623] createDB [executeQuery Linea : 46] --> Ejecutando query
INFO :[2021-01-20 22:31:26,731] Vulcano [insercionBD Linea : 383] --> INSERT INTO REGISTROS(legajo,nombre,dia,fecha,ingreso0,egreso0,ingreso1,egreso1,ingreso2,egreso2,ingreso3,egreso3,ingreso4,egreso4,Motivo,Observación)
VALUES ('9','MENDOZA JOSE IGNACIO ','Domingo','2020-10-11','2020-10-11 00:00:00','2020-10-11 00:00:00','2020-10-11 00:00:00','2020-10-11 00:00:00','2020-10-11 00:00:00','2020-10-11 00:00:00','2020-10-11 00:00:00','2020-10-11 00:00:00','2020-10-11 00:00:00','2020-10-11 00:00:00','nan','nan');
INFO :[2021-01-20 22:31:26,732] createDB [conexion Linea : 27] --> Iniciando conexion
INFO :[2021-01-20 22:31:26,732] createDB [executeQuery Linea : 46] --> Ejecutando query
INFO :[2021-01-20 22:31:26,841] Vulcano [insercionBD Linea : 383] --> INSERT INTO REGISTROS(legajo,nombre,dia,fecha,ingreso0,egreso0,ingreso1,egreso1,ingreso2,egreso2,ingreso3,egreso3,ingreso4,egreso4,Motivo,Observación)
VALUES ('9','MENDOZA JOSE IGNACIO ','Lunes','2020-10-12','2020-10-12 00:00:00','2020-10-12 00:00:00','2020-10-12 00:00:00','2020-10-12 00:00:00','2020-10-12 00:00:00','2020-10-12 00:00:00','2020-10-12 00:00:00','2020-10-12 00:00:00','2020-10-12 00:00:00','2020-10-12 00:00:00','nan','nan');
INFO :[2021-01-20 22:31:26,841] createDB [conexion Linea : 27] --> Iniciando conexion
INFO :[2021-01-20 22:31:26,842] createDB [executeQuery Linea : 46] --> Ejecutando query
INFO :[2021-01-20 22:31:26,937] Vulcano [insercionBD Linea : 383] --> INSERT INTO REGISTROS(legajo,nombre,dia,fecha,ingreso0,egreso0,ingreso1,egreso1,ingreso2,egreso2,ingreso3,egreso3,ingreso4,egreso4,Motivo,Observación)
VALUES ('9','MENDOZA JOSE IGNACIO ','Miércoles','2020-10-14','2020-10-13 23:15:00','2020-10-14 08:02:00','2020-10-14 00:00:00','2020-10-14 00:00:00','2020-10-14 00:00:00','2020-10-14 00:00:00','2020-10-14 00:00:00','2020-10-14 00:00:00','2020-10-14 00:00:00','2020-10-14 00:00:00','nan','nan');
INFO :[2021-01-20 22:31:26,937] createDB [conexion Linea : 27] --> Iniciando conexion
INFO :[2021-01-20 22:31:26,937] createDB [executeQuery Linea : 46] --> Ejecutando query
INFO :[2021-01-20 22:31:27,033] Vulcano [insercionBD Linea : 383] --> INSERT INTO REGISTROS(legajo,nombre,dia,fecha,ingreso0,egreso0,ingreso1,egreso1,ingreso2,egreso2,ingreso3,egreso3,ingreso4,egreso4,Motivo,Observación)
VALUES ('9','MENDOZA JOSE IGNACIO ','Jueves','2020-10-15','2020-10-14 22:52:00','2020-10-15 08:01:00','2020-10-15 00:00:00','2020-10-15 00:00:00','2020-10-15 00:00:00','2020-10-15 00:00:00','2020-10-15 00:00:00','2020-10-15 00:00:00','2020-10-15 00:00:00','2020-10-15 00:00:00','nan','nan');
INFO :[2021-01-20 22:31:27,033] createDB [conexion Linea : 27] --> Iniciando conexion
INFO :[2021-01-20 22:31:27,033] createDB [executeQuery Linea : 46] --> Ejecutando query
INFO :[2021-01-20 22:31:34,702] Vulcano [fechasDeCalculo Linea : 229] --> Registrando fechas
INFO :[2021-01-20 22:31:41,663] createDB [conexion Linea : 27] --> Iniciando conexion
INFO :[2021-01-20 22:31:42,702] createDB [conexion Linea : 27] --> Iniciando conexion
INFO :[2021-01-20 22:31:42,712] createDB [conexion Linea : 27] --> Iniciando conexion
INFO :[2021-01-20 22:31:42,738] analizador [restaRetrasosTardanzas Linea : 1693] --> Iniciando resta de minutos tardes
INFO :[2021-01-20 22:31:42,785] analizador [restaRetrasosTardanzas Linea : 1693] --> Iniciando resta de minutos tardes
INFO :[2021-01-20 22:31:42,839] createDB [conexion Linea : 27] --> Iniciando conexion
INFO :[2021-01-20 22:31:42,875] createDB [conexion Linea : 27] --> Iniciando conexion
INFO :[2021-01-20 22:31:42,909] createDB [conexion Linea : 27] --> Iniciando conexion
WARNING :[2021-01-20 22:31:46,700] Vulcano [cambioPorMotivos Linea : 1296] --> Correcion de motivo no valida en fecha (2020-10-12)  legajo: (6)
WARNING :[2021-01-20 22:31:46,704] Vulcano [cambioPorMotivos Linea : 1296] --> Correcion de motivo no valida en fecha (2020-10-05)  legajo: (8)
WARNING :[2021-01-20 22:31:46,704] Vulcano [cambioPorMotivos Linea : 1296] --> Correcion de motivo no valida en fecha (2020-10-06)  legajo: (8)
WARNING :[2021-01-20 22:31:46,704] Vulcano [cambioPorMotivos Linea : 1296] --> Correcion de motivo no valida en fecha (2020-10-07)  legajo: (8)
WARNING :[2021-01-20 22:31:46,704] Vulcano [cambioPorMotivos Linea : 1296] --> Correcion de motivo no valida en fecha (2020-10-08)  legajo: (8)
WARNING :[2021-01-20 22:31:46,704] Vulcano [cambioPorMotivos Linea : 1296] --> Correcion de motivo no valida en fecha (2020-10-09)  legajo: (8)
WARNING :[2021-01-20 22:31:46,704] Vulcano [cambioPorMotivos Linea : 1296] --> Correcion de motivo no valida en fecha (2020-10-10)  legajo: (8)
WARNING :[2021-01-20 22:31:46,704] Vulcano [cambioPorMotivos Linea : 1296] --> Correcion de motivo no valida en fecha (2020-10-12)  legajo: (8)
WARNING :[2021-01-20 22:31:46,704] Vulcano [cambioPorMotivos Linea : 1296] --> Correcion de motivo no valida en fecha (2020-10-13)  legajo: (8)
WARNING :[2021-01-20 22:31:46,705] Vulcano [cambioPorMotivos Linea : 1296] --> Correcion de motivo no valida en fecha (2020-10-14)  legajo: (8)
WARNING :[2021-01-20 22:31:46,705] Vulcano [cambioPorMotivos Linea : 1296] --> Correcion de motivo no valida en fecha (2020-10-15)  legajo: (8)
WARNING :[2021-01-20 22:31:46,705] Vulcano [cambioPorMotivos Linea : 1296] --> Correcion de motivo no valida en fecha (2020-10-01)  legajo: (9)
WARNING :[2021-01-20 22:31:46,705] Vulcano [cambioPorMotivos Linea : 1296] --> Correcion de motivo no valida en fecha (2020-10-02)  legajo: (9)
WARNING :[2021-01-20 22:31:46,705] Vulcano [cambioPorMotivos Linea : 1296] --> Correcion de motivo no valida en fecha (2020-10-03)  legajo: (9)
WARNING :[2021-01-20 22:31:46,705] Vulcano [cambioPorMotivos Linea : 1296] --> Correcion de motivo no valida en fecha (2020-10-04)  legajo: (9)
WARNING :[2021-01-20 22:31:46,705] Vulcano [cambioPorMotivos Linea : 1296] --> Correcion de motivo no valida en fecha (2020-10-06)  legajo: (9)
WARNING :[2021-01-20 22:31:46,705] Vulcano [cambioPorMotivos Linea : 1296] --> Correcion de motivo no valida en fecha (2020-10-07)  legajo: (9)
WARNING :[2021-01-20 22:31:46,705] Vulcano [cambioPorMotivos Linea : 1296] --> Correcion de motivo no valida en fecha (2020-10-08)  legajo: (9)
WARNING :[2021-01-20 22:31:46,705] Vulcano [cambioPorMotivos Linea : 1296] --> Correcion de motivo no valida en fecha (2020-10-09)  legajo: (9)
WARNING :[2021-01-20 22:31:46,705] Vulcano [cambioPorMotivos Linea : 1296] --> Correcion de motivo no valida en fecha (2020-10-10)  legajo: (9)
WARNING :[2021-01-20 22:31:46,706] Vulcano [cambioPorMotivos Linea : 1296] --> Correcion de motivo no valida en fecha (2020-10-11)  legajo: (9)
WARNING :[2021-01-20 22:31:46,706] Vulcano [cambioPorMotivos Linea : 1296] --> Correcion de motivo no valida en fecha (2020-10-12)  legajo: (9)
WARNING :[2021-01-20 22:31:46,706] Vulcano [cambioPorMotivos Linea : 1296] --> Correcion de motivo no valida en fecha (2020-10-14)  legajo: (9)
WARNING :[2021-01-20 22:31:46,706] Vulcano [cambioPorMotivos Linea : 1296] --> Correcion de motivo no valida en fecha (2020-10-15)  legajo: (9)
INFO :[2021-01-20 22:31:49,192] Vulcano [escritorInformeFaltasTardanzas Linea : 1733] --> Creacion del Word de manera correcta
INFO :[2021-01-20 22:31:52,124] Vulcano [escritorInformeFaltasTardanzas Linea : 1741] --> Creacion del PDF de manera correcta
